========================================
Autotuner Started: 2026年 3月26日 星期四 23时05分04秒 CST
========================================
[2026-03-26 23:05:04] Starting 1000-round autotuning...
[2026-03-26 23:05:04] Initial score: 0
[2026-03-26 23:05:09] Committed and pushed round 10
[2026-03-26 23:05:14] Committed and pushed round 20
[2026-03-26 23:05:18] Committed and pushed round 30
[2026-03-26 23:05:23] Committed and pushed round 40
[2026-03-26 23:05:28] Committed and pushed round 50
[2026-03-26 23:05:32] Committed and pushed round 60
[2026-03-26 23:05:36] Committed and pushed round 70
[2026-03-26 23:05:40] Committed and pushed round 80
[2026-03-26 23:05:45] Committed and pushed round 90
[2026-03-26 23:05:49] Committed and pushed round 100
[2026-03-26 23:05:49] === PROGRESS REPORT: Round 100/1000 ===
[2026-03-26 23:05:49] Best Score: 0
[2026-03-26 23:05:49] File length:      706 lines
[2026-03-26 23:05:49] ==========================================
[2026-03-26 23:05:53] Committed and pushed round 110
[2026-03-26 23:05:57] Committed and pushed round 120
[2026-03-26 23:06:02] Committed and pushed round 130
[2026-03-26 23:06:06] Committed and pushed round 140
[2026-03-26 23:06:10] Committed and pushed round 150
